<?xml version="1.0" encoding="UTF-8"?>
<testng-results skipped="0" failed="0" ignored="0" total="1" passed="1">
  <reporter-output>
  </reporter-output>
  <suite name="Suite" duration-ms="22171" started-at="2022-06-02T19:44:24 EDT" finished-at="2022-06-02T19:44:46 EDT">
    <groups>
      <group name="cucumber">
        <method signature="AbstractTestNGCucumberTests.runScenario(io.cucumber.testng.PickleWrapper,io.cucumber.testng.FeatureWrapper)[pri:0, instance:com.Cucumber.TestRunner@5ed828d]" name="runScenario" class="io.cucumber.testng.AbstractTestNGCucumberTests"/>
      </group> <!-- cucumber -->
    </groups>
    <test name="Test" duration-ms="22171" started-at="2022-06-02T19:44:24 EDT" finished-at="2022-06-02T19:44:46 EDT">
      <class name="com.Cucumber.TestRunner">
        <test-method status="PASS" signature="setUpClass()[pri:0, instance:com.Cucumber.TestRunner@5ed828d]" name="setUpClass" is-config="true" duration-ms="481" started-at="2022-06-02T19:44:24 EDT" finished-at="2022-06-02T19:44:24 EDT">
          <reporter-output>
          </reporter-output>
        </test-method> <!-- setUpClass -->
        <test-method status="PASS" signature="runScenario(io.cucumber.testng.PickleWrapper,io.cucumber.testng.FeatureWrapper)[pri:0, instance:com.Cucumber.TestRunner@5ed828d]" name="runScenario" duration-ms="20484" started-at="2022-06-02T19:44:24 EDT" description="Runs Cucumber Scenarios" data-provider="scenarios" finished-at="2022-06-02T19:44:45 EDT">
          <params>
            <param index="0">
              <value>
                <![CDATA["User provide valid credentials"]]>
              </value>
            </param>
            <param index="1">
              <value>
                <![CDATA["Optional[As a user I want to provide valid credential so that I can login to my account home page.]"]]>
              </value>
            </param>
          </params>
          <reporter-output>
          </reporter-output>
        </test-method> <!-- runScenario -->
        <test-method status="PASS" signature="tearDownClass()[pri:0, instance:com.Cucumber.TestRunner@5ed828d]" name="tearDownClass" is-config="true" duration-ms="1170" started-at="2022-06-02T19:44:45 EDT" finished-at="2022-06-02T19:44:46 EDT">
          <reporter-output>
          </reporter-output>
        </test-method> <!-- tearDownClass -->
      </class> <!-- com.Cucumber.TestRunner -->
    </test> <!-- Test -->
  </suite> <!-- Suite -->
</testng-results>
